  rpc.c
C:\Program Files (x86)\Microsoft Visual Studio\2019\Community\VC\Tools\MSVC\14.28.29333\include\cstdio(33,1): error C2061: 语法错误: 标识符“std”
C:\Program Files (x86)\Microsoft Visual Studio\2019\Community\VC\Tools\MSVC\14.28.29333\include\cstdio(33,1): error C2059: 语法错误:“;”
C:\Program Files (x86)\Microsoft Visual Studio\2019\Community\VC\Tools\MSVC\14.28.29333\include\cstdio(33,1): error C2449: 在文件范围内找到“{”(是否缺少函数头?)
C:\Program Files (x86)\Microsoft Visual Studio\2019\Community\VC\Tools\MSVC\14.28.29333\include\cstdio(91,1): error C2059: 语法错误:“}”
C:\Program Files (x86)\Microsoft Visual Studio\2019\Community\VC\Tools\MSVC\14.28.29333\include\iosfwd(178,9): warning C4157: C 编译器忽略了 pragma
C:\Program Files (x86)\Microsoft Visual Studio\2019\Community\VC\Tools\MSVC\14.28.29333\include\iosfwd(183,9): warning C4157: C 编译器忽略了 pragma
C:\Program Files (x86)\Microsoft Visual Studio\2019\Community\VC\Tools\MSVC\14.28.29333\include\type_traits(333,33): error C4233: 使用了非标准扩展: 仅在 C++ 中支持“__is_union”关键字，C 中不支持
C:\Program Files (x86)\Microsoft Visual Studio\2019\Community\VC\Tools\MSVC\14.28.29333\include\type_traits(336,41): error C4233: 使用了非标准扩展: 仅在 C++ 中支持“__is_union”关键字，C 中不支持
C:\Program Files (x86)\Microsoft Visual Studio\2019\Community\VC\Tools\MSVC\14.28.29333\include\type_traits(340,33): error C4233: 使用了非标准扩展: 仅在 C++ 中支持“__is_class”关键字，C 中不支持
C:\Program Files (x86)\Microsoft Visual Studio\2019\Community\VC\Tools\MSVC\14.28.29333\include\type_traits(343,41): error C4233: 使用了非标准扩展: 仅在 C++ 中支持“__is_class”关键字，C 中不支持
C:\Program Files (x86)\Microsoft Visual Studio\2019\Community\VC\Tools\MSVC\14.28.29333\include\type_traits(354,39): error C4233: 使用了非标准扩展: 仅在 C++ 中支持“__is_convertible_to”关键字，C 中不支持
C:\Program Files (x86)\Microsoft Visual Studio\2019\Community\VC\Tools\MSVC\14.28.29333\include\type_traits(359,47): error C4233: 使用了非标准扩展: 仅在 C++ 中支持“__is_convertible_to”关键字，C 中不支持
C:\Program Files (x86)\Microsoft Visual Studio\2019\Community\VC\Tools\MSVC\14.28.29333\include\type_traits(363,32): error C4233: 使用了非标准扩展: 仅在 C++ 中支持“__is_enum”关键字，C 中不支持
C:\Program Files (x86)\Microsoft Visual Studio\2019\Community\VC\Tools\MSVC\14.28.29333\include\type_traits(366,40): error C4233: 使用了非标准扩展: 仅在 C++ 中支持“__is_enum”关键字，C 中不支持
C:\Program Files (x86)\Microsoft Visual Studio\2019\Community\VC\Tools\MSVC\14.28.29333\include\type_traits(514,55): error C4233: 使用了非标准扩展: 仅在 C++ 中支持“__is_pod”关键字，C 中不支持
C:\Program Files (x86)\Microsoft Visual Studio\2019\Community\VC\Tools\MSVC\14.28.29333\include\type_traits(517,63): error C4233: 使用了非标准扩展: 仅在 C++ 中支持“__is_pod”关键字，C 中不支持
C:\Program Files (x86)\Microsoft Visual Studio\2019\Community\VC\Tools\MSVC\14.28.29333\include\type_traits(521,33): error C4233: 使用了非标准扩展: 仅在 C++ 中支持“__is_empty”关键字，C 中不支持
C:\Program Files (x86)\Microsoft Visual Studio\2019\Community\VC\Tools\MSVC\14.28.29333\include\type_traits(524,41): error C4233: 使用了非标准扩展: 仅在 C++ 中支持“__is_empty”关键字，C 中不支持
C:\Program Files (x86)\Microsoft Visual Studio\2019\Community\VC\Tools\MSVC\14.28.29333\include\type_traits(528,39): error C4233: 使用了非标准扩展: 仅在 C++ 中支持“__is_polymorphic”关键字，C 中不支持
C:\Program Files (x86)\Microsoft Visual Studio\2019\Community\VC\Tools\MSVC\14.28.29333\include\type_traits(531,47): error C4233: 使用了非标准扩展: 仅在 C++ 中支持“__is_polymorphic”关键字，C 中不支持
C:\Program Files (x86)\Microsoft Visual Studio\2019\Community\VC\Tools\MSVC\14.28.29333\include\type_traits(535,36): error C4233: 使用了非标准扩展: 仅在 C++ 中支持“__is_abstract”关键字，C 中不支持
C:\Program Files (x86)\Microsoft Visual Studio\2019\Community\VC\Tools\MSVC\14.28.29333\include\type_traits(538,44): error C4233: 使用了非标准扩展: 仅在 C++ 中支持“__is_abstract”关键字，C 中不支持
C:\Program Files (x86)\Microsoft Visual Studio\2019\Community\VC\Tools\MSVC\14.28.29333\include\type_traits(542,33): error C4233: 使用了非标准扩展: 仅在 C++ 中支持“__is_final”关键字，C 中不支持
C:\Program Files (x86)\Microsoft Visual Studio\2019\Community\VC\Tools\MSVC\14.28.29333\include\type_traits(545,41): error C4233: 使用了非标准扩展: 仅在 C++ 中支持“__is_final”关键字，C 中不支持
C:\Program Files (x86)\Microsoft Visual Studio\2019\Community\VC\Tools\MSVC\14.28.29333\include\type_traits(549,43): error C4233: 使用了非标准扩展: 仅在 C++ 中支持“__is_standard_layout”关键字，C 中不支持
C:\Program Files (x86)\Microsoft Visual Studio\2019\Community\VC\Tools\MSVC\14.28.29333\include\type_traits(552,51): error C4233: 使用了非标准扩展: 仅在 C++ 中支持“__is_standard_layout”关键字，C 中不支持
C:\Program Files (x86)\Microsoft Visual Studio\2019\Community\VC\Tools\MSVC\14.28.29333\include\type_traits(557,73): error C4233: 使用了非标准扩展: 仅在 C++ 中支持“__is_literal_type”关键字，C 中不支持
C:\Program Files (x86)\Microsoft Visual Studio\2019\Community\VC\Tools\MSVC\14.28.29333\include\type_traits(562,81): error C4233: 使用了非标准扩展: 仅在 C++ 中支持“__is_literal_type”关键字，C 中不支持
C:\Program Files (x86)\Microsoft Visual Studio\2019\Community\VC\Tools\MSVC\14.28.29333\include\type_traits(568,35): error C4233: 使用了非标准扩展: 仅在 C++ 中支持“__is_trivially_constructible”关键字，C 中不支持
C:\Program Files (x86)\Microsoft Visual Studio\2019\Community\VC\Tools\MSVC\14.28.29333\include\type_traits(568,72): error C4233: 使用了非标准扩展: 仅在 C++ 中支持“__is_trivially_copyable”关键字，C 中不支持
C:\Program Files (x86)\Microsoft Visual Studio\2019\Community\VC\Tools\MSVC\14.28.29333\include\type_traits(573,43): error C4233: 使用了非标准扩展: 仅在 C++ 中支持“__is_trivially_constructible”关键字，C 中不支持
C:\Program Files (x86)\Microsoft Visual Studio\2019\Community\VC\Tools\MSVC\14.28.29333\include\type_traits(573,80): error C4233: 使用了非标准扩展: 仅在 C++ 中支持“__is_trivially_copyable”关键字，C 中不支持
C:\Program Files (x86)\Microsoft Visual Studio\2019\Community\VC\Tools\MSVC\14.28.29333\include\type_traits(584,46): error C4233: 使用了非标准扩展: 仅在 C++ 中支持“__is_trivially_copyable”关键字，C 中不支持
C:\Program Files (x86)\Microsoft Visual Studio\2019\Community\VC\Tools\MSVC\14.28.29333\include\type_traits(589,54): error C4233: 使用了非标准扩展: 仅在 C++ 中支持“__is_trivially_copyable”关键字，C 中不支持
C:\Program Files (x86)\Microsoft Visual Studio\2019\Community\VC\Tools\MSVC\14.28.29333\include\type_traits(593,47): error C4233: 使用了非标准扩展: 仅在 C++ 中支持“__has_virtual_destructor”关键字，C 中不支持
C:\Program Files (x86)\Microsoft Visual Studio\2019\Community\VC\Tools\MSVC\14.28.29333\include\type_traits(598,55): error C4233: 使用了非标准扩展: 仅在 C++ 中支持“__has_virtual_destructor”关键字，C 中不支持
C:\Program Files (x86)\Microsoft Visual Studio\2019\Community\VC\Tools\MSVC\14.28.29333\include\type_traits(621,41): error C4233: 使用了非标准扩展: 仅在 C++ 中支持“__is_constructible”关键字，C 中不支持
C:\Program Files (x86)\Microsoft Visual Studio\2019\Community\VC\Tools\MSVC\14.28.29333\include\type_traits(626,49): error C4233: 使用了非标准扩展: 仅在 C++ 中支持“__is_constructible”关键字，C 中不支持
C:\Program Files (x86)\Microsoft Visual Studio\2019\Community\VC\Tools\MSVC\14.28.29333\include\type_traits(630,46): error C4233: 使用了非标准扩展: 仅在 C++ 中支持“__is_constructible”关键字，C 中不支持
C:\Program Files (x86)\Microsoft Visual Studio\2019\Community\VC\Tools\MSVC\14.28.29333\include\type_traits(635,54): error C4233: 使用了非标准扩展: 仅在 C++ 中支持“__is_constructible”关键字，C 中不支持
C:\Program Files (x86)\Microsoft Visual Studio\2019\Community\VC\Tools\MSVC\14.28.29333\include\type_traits(639,49): error C4233: 使用了非标准扩展: 仅在 C++ 中支持“__is_constructible”关键字，C 中不支持
C:\Program Files (x86)\Microsoft Visual Studio\2019\Community\VC\Tools\MSVC\14.28.29333\include\type_traits(644,57): error C4233: 使用了非标准扩展: 仅在 C++ 中支持“__is_constructible”关键字，C 中不支持
C:\Program Files (x86)\Microsoft Visual Studio\2019\Community\VC\Tools\MSVC\14.28.29333\include\type_traits(661,46): error C4233: 使用了非标准扩展: 仅在 C++ 中支持“__is_constructible”关键字，C 中不支持
C:\Program Files (x86)\Microsoft Visual Studio\2019\Community\VC\Tools\MSVC\14.28.29333\include\type_traits(666,54): error C4233: 使用了非标准扩展: 仅在 C++ 中支持“__is_constructible”关键字，C 中不支持
C:\Program Files (x86)\Microsoft Visual Studio\2019\Community\VC\Tools\MSVC\14.28.29333\include\type_traits(670,38): error C4233: 使用了非标准扩展: 仅在 C++ 中支持“__is_assignable”关键字，C 中不支持
C:\Program Files (x86)\Microsoft Visual Studio\2019\Community\VC\Tools\MSVC\14.28.29333\include\type_traits(673,46): error C4233: 使用了非标准扩展: 仅在 C++ 中支持“__is_assignable”关键字，C 中不支持
C:\Program Files (x86)\Microsoft Visual Studio\2019\Community\VC\Tools\MSVC\14.28.29333\include\type_traits(678,21): error C4233: 使用了非标准扩展: 仅在 C++ 中支持“__is_assignable”关键字，C 中不支持
C:\Program Files (x86)\Microsoft Visual Studio\2019\Community\VC\Tools\MSVC\14.28.29333\include\type_traits(683,51): error C4233: 使用了非标准扩展: 仅在 C++ 中支持“__is_assignable”关键字，C 中不支持
C:\Program Files (x86)\Microsoft Visual Studio\2019\Community\VC\Tools\MSVC\14.28.29333\include\type_traits(689,21): error C4233: 使用了非标准扩展: 仅在 C++ 中支持“__is_assignable_no_precondition_check”关键字，C 中不支持
C:\Program Files (x86)\Microsoft Visual Studio\2019\Community\VC\Tools\MSVC\14.28.29333\include\type_traits(693,62): error C4233: 使用了非标准扩展: 仅在 C++ 中支持“__is_assignable_no_precondition_check”关键字，C 中不支持
C:\Program Files (x86)\Microsoft Visual Studio\2019\Community\VC\Tools\MSVC\14.28.29333\include\type_traits(705,43): error C4233: 使用了非标准扩展: 仅在 C++ 中支持“__is_assignable”关键字，C 中不支持
C:\Program Files (x86)\Microsoft Visual Studio\2019\Community\VC\Tools\MSVC\14.28.29333\include\type_traits(710,51): error C4233: 使用了非标准扩展: 仅在 C++ 中支持“__is_assignable”关键字，C 中不支持
C:\Program Files (x86)\Microsoft Visual Studio\2019\Community\VC\Tools\MSVC\14.28.29333\include\type_traits(715,21): error C4233: 使用了非标准扩展: 仅在 C++ 中支持“__is_assignable_no_precondition_check”关键字，C 中不支持
C:\Program Files (x86)\Microsoft Visual Studio\2019\Community\VC\Tools\MSVC\14.28.29333\include\type_traits(718,62): error C4233: 使用了非标准扩展: 仅在 C++ 中支持“__is_assignable_no_precondition_check”关键字，C 中不支持
C:\Program Files (x86)\Microsoft Visual Studio\2019\Community\VC\Tools\MSVC\14.28.29333\include\type_traits(730,40): error C4233: 使用了非标准扩展: 仅在 C++ 中支持“__is_destructible”关键字，C 中不支持
C:\Program Files (x86)\Microsoft Visual Studio\2019\Community\VC\Tools\MSVC\14.28.29333\include\type_traits(735,48): error C4233: 使用了非标准扩展: 仅在 C++ 中支持“__is_destructible”关键字，C 中不支持
C:\Program Files (x86)\Microsoft Visual Studio\2019\Community\VC\Tools\MSVC\14.28.29333\include\type_traits(740,51): error C4233: 使用了非标准扩展: 仅在 C++ 中支持“__is_trivially_constructible”关键字，C 中不支持
C:\Program Files (x86)\Microsoft Visual Studio\2019\Community\VC\Tools\MSVC\14.28.29333\include\type_traits(745,59): error C4233: 使用了非标准扩展: 仅在 C++ 中支持“__is_trivially_constructible”关键字，C 中不支持
C:\Program Files (x86)\Microsoft Visual Studio\2019\Community\VC\Tools\MSVC\14.28.29333\include\type_traits(750,21): error C4233: 使用了非标准扩展: 仅在 C++ 中支持“__is_trivially_constructible”关键字，C 中不支持
C:\Program Files (x86)\Microsoft Visual Studio\2019\Community\VC\Tools\MSVC\14.28.29333\include\type_traits(755,64): error C4233: 使用了非标准扩展: 仅在 C++ 中支持“__is_trivially_constructible”关键字，C 中不支持
C:\Program Files (x86)\Microsoft Visual Studio\2019\Community\VC\Tools\MSVC\14.28.29333\include\type_traits(760,59): error C4233: 使用了非标准扩展: 仅在 C++ 中支持“__is_trivially_constructible”关键字，C 中不支持
C:\Program Files (x86)\Microsoft Visual Studio\2019\Community\VC\Tools\MSVC\14.28.29333\include\type_traits(765,67): error C4233: 使用了非标准扩展: 仅在 C++ 中支持“__is_trivially_constructible”关键字，C 中不支持
C:\Program Files (x86)\Microsoft Visual Studio\2019\Community\VC\Tools\MSVC\14.28.29333\include\type_traits(769,56): error C4233: 使用了非标准扩展: 仅在 C++ 中支持“__is_trivially_constructible”关键字，C 中不支持
C:\Program Files (x86)\Microsoft Visual Studio\2019\Community\VC\Tools\MSVC\14.28.29333\include\type_traits(774,64): error C4233: 使用了非标准扩展: 仅在 C++ 中支持“__is_trivially_constructible”关键字，C 中不支持
C:\Program Files (x86)\Microsoft Visual Studio\2019\Community\VC\Tools\MSVC\14.28.29333\include\type_traits(778,48): error C4233: 使用了非标准扩展: 仅在 C++ 中支持“__is_trivially_assignable”关键字，C 中不支持
C:\Program Files (x86)\Microsoft Visual Studio\2019\Community\VC\Tools\MSVC\14.28.29333\include\type_traits(783,56): error C4233: 使用了非标准扩展: 仅在 C++ 中支持“__is_trivially_assignable”关键字，C 中不支持
C:\Program Files (x86)\Microsoft Visual Studio\2019\Community\VC\Tools\MSVC\14.28.29333\include\type_traits(788,21): error C4233: 使用了非标准扩展: 仅在 C++ 中支持“__is_trivially_assignable”关键字，C 中不支持
C:\Program Files (x86)\Microsoft Visual Studio\2019\Community\VC\Tools\MSVC\14.28.29333\include\type_traits(793,61): error C4233: 使用了非标准扩展: 仅在 C++ 中支持“__is_trivially_assignable”关键字，C 中不支持
C:\Program Files (x86)\Microsoft Visual Studio\2019\Community\VC\Tools\MSVC\14.28.29333\include\type_traits(798,53): error C4233: 使用了非标准扩展: 仅在 C++ 中支持“__is_trivially_assignable”关键字，C 中不支持
C:\Program Files (x86)\Microsoft Visual Studio\2019\Community\VC\Tools\MSVC\14.28.29333\include\type_traits(803,61): error C4233: 使用了非标准扩展: 仅在 C++ 中支持“__is_trivially_assignable”关键字，C 中不支持
C:\Program Files (x86)\Microsoft Visual Studio\2019\Community\VC\Tools\MSVC\14.28.29333\include\type_traits(807,50): error C4233: 使用了非标准扩展: 仅在 C++ 中支持“__is_trivially_destructible”关键字，C 中不支持
C:\Program Files (x86)\Microsoft Visual Studio\2019\Community\VC\Tools\MSVC\14.28.29333\include\type_traits(812,58): error C4233: 使用了非标准扩展: 仅在 C++ 中支持“__is_trivially_destructible”关键字，C 中不支持
C:\Program Files (x86)\Microsoft Visual Studio\2019\Community\VC\Tools\MSVC\14.28.29333\include\type_traits(817,49): error C4233: 使用了非标准扩展: 仅在 C++ 中支持“__is_nothrow_constructible”关键字，C 中不支持
C:\Program Files (x86)\Microsoft Visual Studio\2019\Community\VC\Tools\MSVC\14.28.29333\include\type_traits(822,57): error C4233: 使用了非标准扩展: 仅在 C++ 中支持“__is_nothrow_constructible”关键字，C 中不支持
C:\Program Files (x86)\Microsoft Visual Studio\2019\Community\VC\Tools\MSVC\14.28.29333\include\type_traits(827,21): error C4233: 使用了非标准扩展: 仅在 C++ 中支持“__is_nothrow_constructible”关键字，C 中不支持
C:\Program Files (x86)\Microsoft Visual Studio\2019\Community\VC\Tools\MSVC\14.28.29333\include\type_traits(833,62): error C4233: 使用了非标准扩展: 仅在 C++ 中支持“__is_nothrow_constructible”关键字，C 中不支持
C:\Program Files (x86)\Microsoft Visual Studio\2019\Community\VC\Tools\MSVC\14.28.29333\include\type_traits(838,57): error C4233: 使用了非标准扩展: 仅在 C++ 中支持“__is_nothrow_constructible”关键字，C 中不支持
C:\Program Files (x86)\Microsoft Visual Studio\2019\Community\VC\Tools\MSVC\14.28.29333\include\type_traits(843,65): error C4233: 使用了非标准扩展: 仅在 C++ 中支持“__is_nothrow_constructible”关键字，C 中不支持
C:\Program Files (x86)\Microsoft Visual Studio\2019\Community\VC\Tools\MSVC\14.28.29333\include\type_traits(847,54): error C4233: 使用了非标准扩展: 仅在 C++ 中支持“__is_nothrow_constructible”关键字，C 中不支持
C:\Program Files (x86)\Microsoft Visual Studio\2019\Community\VC\Tools\MSVC\14.28.29333\include\type_traits(852,62): error C4233: 使用了非标准扩展: 仅在 C++ 中支持“__is_nothrow_constructible”关键字，C 中不支持
C:\Program Files (x86)\Microsoft Visual Studio\2019\Community\VC\Tools\MSVC\14.28.29333\include\type_traits(856,46): error C4233: 使用了非标准扩展: 仅在 C++ 中支持“__is_nothrow_assignable”关键字，C 中不支持
C:\Program Files (x86)\Microsoft Visual Studio\2019\Community\VC\Tools\MSVC\14.28.29333\include\type_traits(861,54): error C4233: 使用了非标准扩展: 仅在 C++ 中支持“__is_nothrow_assignable”关键字，C 中不支持
C:\Program Files (x86)\Microsoft Visual Studio\2019\Community\VC\Tools\MSVC\14.28.29333\include\type_traits(866,21): error C4233: 使用了非标准扩展: 仅在 C++ 中支持“__is_nothrow_assignable”关键字，C 中不支持
C:\Program Files (x86)\Microsoft Visual Studio\2019\Community\VC\Tools\MSVC\14.28.29333\include\type_traits(871,59): error C4233: 使用了非标准扩展: 仅在 C++ 中支持“__is_nothrow_assignable”关键字，C 中不支持
C:\Program Files (x86)\Microsoft Visual Studio\2019\Community\VC\Tools\MSVC\14.28.29333\include\type_traits(876,51): error C4233: 使用了非标准扩展: 仅在 C++ 中支持“__is_nothrow_assignable”关键字，C 中不支持
C:\Program Files (x86)\Microsoft Visual Studio\2019\Community\VC\Tools\MSVC\14.28.29333\include\type_traits(881,59): error C4233: 使用了非标准扩展: 仅在 C++ 中支持“__is_nothrow_assignable”关键字，C 中不支持
C:\Program Files (x86)\Microsoft Visual Studio\2019\Community\VC\Tools\MSVC\14.28.29333\include\type_traits(885,48): error C4233: 使用了非标准扩展: 仅在 C++ 中支持“__is_nothrow_destructible”关键字，C 中不支持
C:\Program Files (x86)\Microsoft Visual Studio\2019\Community\VC\Tools\MSVC\14.28.29333\include\type_traits(891,56): error C4233: 使用了非标准扩展: 仅在 C++ 中支持“__is_nothrow_destructible”关键字，C 中不支持
C:\Program Files (x86)\Microsoft Visual Studio\2019\Community\VC\Tools\MSVC\14.28.29333\include\type_traits(1141,18): error C4233: 使用了非标准扩展: 仅在 C++ 中支持“__underlying_type”关键字，C 中不支持
C:\Program Files (x86)\Microsoft Visual Studio\2019\Community\VC\Tools\MSVC\14.28.29333\include\type_traits(1184,35): error C4233: 使用了非标准扩展: 仅在 C++ 中支持“__is_base_of”关键字，C 中不支持
C:\Program Files (x86)\Microsoft Visual Studio\2019\Community\VC\Tools\MSVC\14.28.29333\include\type_traits(1189,43): error C4233: 使用了非标准扩展: 仅在 C++ 中支持“__is_base_of”关键字，C 中不支持
C:\Program Files (x86)\Microsoft Visual Studio\2019\Community\VC\Tools\MSVC\14.28.29333\include\ppltasks.h(45,9): warning C4068: 未知的杂注“detect_mismatch”
C:\Program Files (x86)\Microsoft Visual Studio\2019\Community\VC\Tools\MSVC\14.28.29333\include\ppltasks.h(113,9): warning C4068: 未知的杂注“detect_mismatch”
C:\Program Files (x86)\Microsoft Visual Studio\2019\Community\VC\Tools\MSVC\14.28.29333\include\ostream(21,9): warning C4157: C 编译器忽略了 pragma
C:\Program Files (x86)\Microsoft Visual Studio\2019\Community\VC\Tools\MSVC\14.28.29333\include\ostream(589,9): warning C4157: C 编译器忽略了 pragma
C:\Program Files (x86)\Microsoft Visual Studio\2019\Community\VC\Tools\MSVC\14.28.29333\include\istream(21,9): warning C4157: C 编译器忽略了 pragma
C:\Program Files (x86)\Microsoft Visual Studio\2019\Community\VC\Tools\MSVC\14.28.29333\include\istream(667,9): warning C4157: C 编译器忽略了 pragma
C:\Users\windows7\Desktop\dll\rpc.c(1641,1): fatal error C1004: 发现意外的文件尾
  ReflectiveDll.c
C:\Program Files (x86)\Microsoft Visual Studio\2019\Community\VC\Tools\MSVC\14.28.29333\include\cstdio(33,1): error C2061: 语法错误: 标识符“std”
C:\Program Files (x86)\Microsoft Visual Studio\2019\Community\VC\Tools\MSVC\14.28.29333\include\cstdio(33,1): error C2059: 语法错误:“;”
C:\Program Files (x86)\Microsoft Visual Studio\2019\Community\VC\Tools\MSVC\14.28.29333\include\cstdio(33,1): error C2449: 在文件范围内找到“{”(是否缺少函数头?)
C:\Program Files (x86)\Microsoft Visual Studio\2019\Community\VC\Tools\MSVC\14.28.29333\include\cstdio(91,1): error C2059: 语法错误:“}”
C:\Program Files (x86)\Microsoft Visual Studio\2019\Community\VC\Tools\MSVC\14.28.29333\include\iosfwd(178,9): warning C4157: C 编译器忽略了 pragma
C:\Program Files (x86)\Microsoft Visual Studio\2019\Community\VC\Tools\MSVC\14.28.29333\include\iosfwd(183,9): warning C4157: C 编译器忽略了 pragma
C:\Program Files (x86)\Microsoft Visual Studio\2019\Community\VC\Tools\MSVC\14.28.29333\include\type_traits(333,33): error C4233: 使用了非标准扩展: 仅在 C++ 中支持“__is_union”关键字，C 中不支持
C:\Program Files (x86)\Microsoft Visual Studio\2019\Community\VC\Tools\MSVC\14.28.29333\include\type_traits(336,41): error C4233: 使用了非标准扩展: 仅在 C++ 中支持“__is_union”关键字，C 中不支持
C:\Program Files (x86)\Microsoft Visual Studio\2019\Community\VC\Tools\MSVC\14.28.29333\include\type_traits(340,33): error C4233: 使用了非标准扩展: 仅在 C++ 中支持“__is_class”关键字，C 中不支持
C:\Program Files (x86)\Microsoft Visual Studio\2019\Community\VC\Tools\MSVC\14.28.29333\include\type_traits(343,41): error C4233: 使用了非标准扩展: 仅在 C++ 中支持“__is_class”关键字，C 中不支持
C:\Program Files (x86)\Microsoft Visual Studio\2019\Community\VC\Tools\MSVC\14.28.29333\include\type_traits(354,39): error C4233: 使用了非标准扩展: 仅在 C++ 中支持“__is_convertible_to”关键字，C 中不支持
C:\Program Files (x86)\Microsoft Visual Studio\2019\Community\VC\Tools\MSVC\14.28.29333\include\type_traits(359,47): error C4233: 使用了非标准扩展: 仅在 C++ 中支持“__is_convertible_to”关键字，C 中不支持
C:\Program Files (x86)\Microsoft Visual Studio\2019\Community\VC\Tools\MSVC\14.28.29333\include\type_traits(363,32): error C4233: 使用了非标准扩展: 仅在 C++ 中支持“__is_enum”关键字，C 中不支持
C:\Program Files (x86)\Microsoft Visual Studio\2019\Community\VC\Tools\MSVC\14.28.29333\include\type_traits(366,40): error C4233: 使用了非标准扩展: 仅在 C++ 中支持“__is_enum”关键字，C 中不支持
C:\Program Files (x86)\Microsoft Visual Studio\2019\Community\VC\Tools\MSVC\14.28.29333\include\type_traits(514,55): error C4233: 使用了非标准扩展: 仅在 C++ 中支持“__is_pod”关键字，C 中不支持
C:\Program Files (x86)\Microsoft Visual Studio\2019\Community\VC\Tools\MSVC\14.28.29333\include\type_traits(517,63): error C4233: 使用了非标准扩展: 仅在 C++ 中支持“__is_pod”关键字，C 中不支持
C:\Program Files (x86)\Microsoft Visual Studio\2019\Community\VC\Tools\MSVC\14.28.29333\include\type_traits(521,33): error C4233: 使用了非标准扩展: 仅在 C++ 中支持“__is_empty”关键字，C 中不支持
C:\Program Files (x86)\Microsoft Visual Studio\2019\Community\VC\Tools\MSVC\14.28.29333\include\type_traits(524,41): error C4233: 使用了非标准扩展: 仅在 C++ 中支持“__is_empty”关键字，C 中不支持
C:\Program Files (x86)\Microsoft Visual Studio\2019\Community\VC\Tools\MSVC\14.28.29333\include\type_traits(528,39): error C4233: 使用了非标准扩展: 仅在 C++ 中支持“__is_polymorphic”关键字，C 中不支持
C:\Program Files (x86)\Microsoft Visual Studio\2019\Community\VC\Tools\MSVC\14.28.29333\include\type_traits(531,47): error C4233: 使用了非标准扩展: 仅在 C++ 中支持“__is_polymorphic”关键字，C 中不支持
C:\Program Files (x86)\Microsoft Visual Studio\2019\Community\VC\Tools\MSVC\14.28.29333\include\type_traits(535,36): error C4233: 使用了非标准扩展: 仅在 C++ 中支持“__is_abstract”关键字，C 中不支持
C:\Program Files (x86)\Microsoft Visual Studio\2019\Community\VC\Tools\MSVC\14.28.29333\include\type_traits(538,44): error C4233: 使用了非标准扩展: 仅在 C++ 中支持“__is_abstract”关键字，C 中不支持
C:\Program Files (x86)\Microsoft Visual Studio\2019\Community\VC\Tools\MSVC\14.28.29333\include\type_traits(542,33): error C4233: 使用了非标准扩展: 仅在 C++ 中支持“__is_final”关键字，C 中不支持
C:\Program Files (x86)\Microsoft Visual Studio\2019\Community\VC\Tools\MSVC\14.28.29333\include\type_traits(545,41): error C4233: 使用了非标准扩展: 仅在 C++ 中支持“__is_final”关键字，C 中不支持
C:\Program Files (x86)\Microsoft Visual Studio\2019\Community\VC\Tools\MSVC\14.28.29333\include\type_traits(549,43): error C4233: 使用了非标准扩展: 仅在 C++ 中支持“__is_standard_layout”关键字，C 中不支持
C:\Program Files (x86)\Microsoft Visual Studio\2019\Community\VC\Tools\MSVC\14.28.29333\include\type_traits(552,51): error C4233: 使用了非标准扩展: 仅在 C++ 中支持“__is_standard_layout”关键字，C 中不支持
C:\Program Files (x86)\Microsoft Visual Studio\2019\Community\VC\Tools\MSVC\14.28.29333\include\type_traits(557,73): error C4233: 使用了非标准扩展: 仅在 C++ 中支持“__is_literal_type”关键字，C 中不支持
C:\Program Files (x86)\Microsoft Visual Studio\2019\Community\VC\Tools\MSVC\14.28.29333\include\type_traits(562,81): error C4233: 使用了非标准扩展: 仅在 C++ 中支持“__is_literal_type”关键字，C 中不支持
C:\Program Files (x86)\Microsoft Visual Studio\2019\Community\VC\Tools\MSVC\14.28.29333\include\type_traits(568,35): error C4233: 使用了非标准扩展: 仅在 C++ 中支持“__is_trivially_constructible”关键字，C 中不支持
C:\Program Files (x86)\Microsoft Visual Studio\2019\Community\VC\Tools\MSVC\14.28.29333\include\type_traits(568,72): error C4233: 使用了非标准扩展: 仅在 C++ 中支持“__is_trivially_copyable”关键字，C 中不支持
C:\Program Files (x86)\Microsoft Visual Studio\2019\Community\VC\Tools\MSVC\14.28.29333\include\type_traits(573,43): error C4233: 使用了非标准扩展: 仅在 C++ 中支持“__is_trivially_constructible”关键字，C 中不支持
C:\Program Files (x86)\Microsoft Visual Studio\2019\Community\VC\Tools\MSVC\14.28.29333\include\type_traits(573,80): error C4233: 使用了非标准扩展: 仅在 C++ 中支持“__is_trivially_copyable”关键字，C 中不支持
C:\Program Files (x86)\Microsoft Visual Studio\2019\Community\VC\Tools\MSVC\14.28.29333\include\type_traits(584,46): error C4233: 使用了非标准扩展: 仅在 C++ 中支持“__is_trivially_copyable”关键字，C 中不支持
C:\Program Files (x86)\Microsoft Visual Studio\2019\Community\VC\Tools\MSVC\14.28.29333\include\type_traits(589,54): error C4233: 使用了非标准扩展: 仅在 C++ 中支持“__is_trivially_copyable”关键字，C 中不支持
C:\Program Files (x86)\Microsoft Visual Studio\2019\Community\VC\Tools\MSVC\14.28.29333\include\type_traits(593,47): error C4233: 使用了非标准扩展: 仅在 C++ 中支持“__has_virtual_destructor”关键字，C 中不支持
C:\Program Files (x86)\Microsoft Visual Studio\2019\Community\VC\Tools\MSVC\14.28.29333\include\type_traits(598,55): error C4233: 使用了非标准扩展: 仅在 C++ 中支持“__has_virtual_destructor”关键字，C 中不支持
C:\Program Files (x86)\Microsoft Visual Studio\2019\Community\VC\Tools\MSVC\14.28.29333\include\type_traits(621,41): error C4233: 使用了非标准扩展: 仅在 C++ 中支持“__is_constructible”关键字，C 中不支持
C:\Program Files (x86)\Microsoft Visual Studio\2019\Community\VC\Tools\MSVC\14.28.29333\include\type_traits(626,49): error C4233: 使用了非标准扩展: 仅在 C++ 中支持“__is_constructible”关键字，C 中不支持
C:\Program Files (x86)\Microsoft Visual Studio\2019\Community\VC\Tools\MSVC\14.28.29333\include\type_traits(630,46): error C4233: 使用了非标准扩展: 仅在 C++ 中支持“__is_constructible”关键字，C 中不支持
C:\Program Files (x86)\Microsoft Visual Studio\2019\Community\VC\Tools\MSVC\14.28.29333\include\type_traits(635,54): error C4233: 使用了非标准扩展: 仅在 C++ 中支持“__is_constructible”关键字，C 中不支持
C:\Program Files (x86)\Microsoft Visual Studio\2019\Community\VC\Tools\MSVC\14.28.29333\include\type_traits(639,49): error C4233: 使用了非标准扩展: 仅在 C++ 中支持“__is_constructible”关键字，C 中不支持
C:\Program Files (x86)\Microsoft Visual Studio\2019\Community\VC\Tools\MSVC\14.28.29333\include\type_traits(644,57): error C4233: 使用了非标准扩展: 仅在 C++ 中支持“__is_constructible”关键字，C 中不支持
C:\Program Files (x86)\Microsoft Visual Studio\2019\Community\VC\Tools\MSVC\14.28.29333\include\type_traits(661,46): error C4233: 使用了非标准扩展: 仅在 C++ 中支持“__is_constructible”关键字，C 中不支持
C:\Program Files (x86)\Microsoft Visual Studio\2019\Community\VC\Tools\MSVC\14.28.29333\include\type_traits(666,54): error C4233: 使用了非标准扩展: 仅在 C++ 中支持“__is_constructible”关键字，C 中不支持
C:\Program Files (x86)\Microsoft Visual Studio\2019\Community\VC\Tools\MSVC\14.28.29333\include\type_traits(670,38): error C4233: 使用了非标准扩展: 仅在 C++ 中支持“__is_assignable”关键字，C 中不支持
C:\Program Files (x86)\Microsoft Visual Studio\2019\Community\VC\Tools\MSVC\14.28.29333\include\type_traits(673,46): error C4233: 使用了非标准扩展: 仅在 C++ 中支持“__is_assignable”关键字，C 中不支持
C:\Program Files (x86)\Microsoft Visual Studio\2019\Community\VC\Tools\MSVC\14.28.29333\include\type_traits(678,21): error C4233: 使用了非标准扩展: 仅在 C++ 中支持“__is_assignable”关键字，C 中不支持
C:\Program Files (x86)\Microsoft Visual Studio\2019\Community\VC\Tools\MSVC\14.28.29333\include\type_traits(683,51): error C4233: 使用了非标准扩展: 仅在 C++ 中支持“__is_assignable”关键字，C 中不支持
C:\Program Files (x86)\Microsoft Visual Studio\2019\Community\VC\Tools\MSVC\14.28.29333\include\type_traits(689,21): error C4233: 使用了非标准扩展: 仅在 C++ 中支持“__is_assignable_no_precondition_check”关键字，C 中不支持
C:\Program Files (x86)\Microsoft Visual Studio\2019\Community\VC\Tools\MSVC\14.28.29333\include\type_traits(693,62): error C4233: 使用了非标准扩展: 仅在 C++ 中支持“__is_assignable_no_precondition_check”关键字，C 中不支持
C:\Program Files (x86)\Microsoft Visual Studio\2019\Community\VC\Tools\MSVC\14.28.29333\include\type_traits(705,43): error C4233: 使用了非标准扩展: 仅在 C++ 中支持“__is_assignable”关键字，C 中不支持
C:\Program Files (x86)\Microsoft Visual Studio\2019\Community\VC\Tools\MSVC\14.28.29333\include\type_traits(710,51): error C4233: 使用了非标准扩展: 仅在 C++ 中支持“__is_assignable”关键字，C 中不支持
C:\Program Files (x86)\Microsoft Visual Studio\2019\Community\VC\Tools\MSVC\14.28.29333\include\type_traits(715,21): error C4233: 使用了非标准扩展: 仅在 C++ 中支持“__is_assignable_no_precondition_check”关键字，C 中不支持
C:\Program Files (x86)\Microsoft Visual Studio\2019\Community\VC\Tools\MSVC\14.28.29333\include\type_traits(718,62): error C4233: 使用了非标准扩展: 仅在 C++ 中支持“__is_assignable_no_precondition_check”关键字，C 中不支持
C:\Program Files (x86)\Microsoft Visual Studio\2019\Community\VC\Tools\MSVC\14.28.29333\include\type_traits(730,40): error C4233: 使用了非标准扩展: 仅在 C++ 中支持“__is_destructible”关键字，C 中不支持
C:\Program Files (x86)\Microsoft Visual Studio\2019\Community\VC\Tools\MSVC\14.28.29333\include\type_traits(735,48): error C4233: 使用了非标准扩展: 仅在 C++ 中支持“__is_destructible”关键字，C 中不支持
C:\Program Files (x86)\Microsoft Visual Studio\2019\Community\VC\Tools\MSVC\14.28.29333\include\type_traits(740,51): error C4233: 使用了非标准扩展: 仅在 C++ 中支持“__is_trivially_constructible”关键字，C 中不支持
C:\Program Files (x86)\Microsoft Visual Studio\2019\Community\VC\Tools\MSVC\14.28.29333\include\type_traits(745,59): error C4233: 使用了非标准扩展: 仅在 C++ 中支持“__is_trivially_constructible”关键字，C 中不支持
C:\Program Files (x86)\Microsoft Visual Studio\2019\Community\VC\Tools\MSVC\14.28.29333\include\type_traits(750,21): error C4233: 使用了非标准扩展: 仅在 C++ 中支持“__is_trivially_constructible”关键字，C 中不支持
C:\Program Files (x86)\Microsoft Visual Studio\2019\Community\VC\Tools\MSVC\14.28.29333\include\type_traits(755,64): error C4233: 使用了非标准扩展: 仅在 C++ 中支持“__is_trivially_constructible”关键字，C 中不支持
C:\Program Files (x86)\Microsoft Visual Studio\2019\Community\VC\Tools\MSVC\14.28.29333\include\type_traits(760,59): error C4233: 使用了非标准扩展: 仅在 C++ 中支持“__is_trivially_constructible”关键字，C 中不支持
C:\Program Files (x86)\Microsoft Visual Studio\2019\Community\VC\Tools\MSVC\14.28.29333\include\type_traits(765,67): error C4233: 使用了非标准扩展: 仅在 C++ 中支持“__is_trivially_constructible”关键字，C 中不支持
C:\Program Files (x86)\Microsoft Visual Studio\2019\Community\VC\Tools\MSVC\14.28.29333\include\type_traits(769,56): error C4233: 使用了非标准扩展: 仅在 C++ 中支持“__is_trivially_constructible”关键字，C 中不支持
C:\Program Files (x86)\Microsoft Visual Studio\2019\Community\VC\Tools\MSVC\14.28.29333\include\type_traits(774,64): error C4233: 使用了非标准扩展: 仅在 C++ 中支持“__is_trivially_constructible”关键字，C 中不支持
C:\Program Files (x86)\Microsoft Visual Studio\2019\Community\VC\Tools\MSVC\14.28.29333\include\type_traits(778,48): error C4233: 使用了非标准扩展: 仅在 C++ 中支持“__is_trivially_assignable”关键字，C 中不支持
C:\Program Files (x86)\Microsoft Visual Studio\2019\Community\VC\Tools\MSVC\14.28.29333\include\type_traits(783,56): error C4233: 使用了非标准扩展: 仅在 C++ 中支持“__is_trivially_assignable”关键字，C 中不支持
C:\Program Files (x86)\Microsoft Visual Studio\2019\Community\VC\Tools\MSVC\14.28.29333\include\type_traits(788,21): error C4233: 使用了非标准扩展: 仅在 C++ 中支持“__is_trivially_assignable”关键字，C 中不支持
C:\Program Files (x86)\Microsoft Visual Studio\2019\Community\VC\Tools\MSVC\14.28.29333\include\type_traits(793,61): error C4233: 使用了非标准扩展: 仅在 C++ 中支持“__is_trivially_assignable”关键字，C 中不支持
C:\Program Files (x86)\Microsoft Visual Studio\2019\Community\VC\Tools\MSVC\14.28.29333\include\type_traits(798,53): error C4233: 使用了非标准扩展: 仅在 C++ 中支持“__is_trivially_assignable”关键字，C 中不支持
C:\Program Files (x86)\Microsoft Visual Studio\2019\Community\VC\Tools\MSVC\14.28.29333\include\type_traits(803,61): error C4233: 使用了非标准扩展: 仅在 C++ 中支持“__is_trivially_assignable”关键字，C 中不支持
C:\Program Files (x86)\Microsoft Visual Studio\2019\Community\VC\Tools\MSVC\14.28.29333\include\type_traits(807,50): error C4233: 使用了非标准扩展: 仅在 C++ 中支持“__is_trivially_destructible”关键字，C 中不支持
C:\Program Files (x86)\Microsoft Visual Studio\2019\Community\VC\Tools\MSVC\14.28.29333\include\type_traits(812,58): error C4233: 使用了非标准扩展: 仅在 C++ 中支持“__is_trivially_destructible”关键字，C 中不支持
C:\Program Files (x86)\Microsoft Visual Studio\2019\Community\VC\Tools\MSVC\14.28.29333\include\type_traits(817,49): error C4233: 使用了非标准扩展: 仅在 C++ 中支持“__is_nothrow_constructible”关键字，C 中不支持
C:\Program Files (x86)\Microsoft Visual Studio\2019\Community\VC\Tools\MSVC\14.28.29333\include\type_traits(822,57): error C4233: 使用了非标准扩展: 仅在 C++ 中支持“__is_nothrow_constructible”关键字，C 中不支持
C:\Program Files (x86)\Microsoft Visual Studio\2019\Community\VC\Tools\MSVC\14.28.29333\include\type_traits(827,21): error C4233: 使用了非标准扩展: 仅在 C++ 中支持“__is_nothrow_constructible”关键字，C 中不支持
C:\Program Files (x86)\Microsoft Visual Studio\2019\Community\VC\Tools\MSVC\14.28.29333\include\type_traits(833,62): error C4233: 使用了非标准扩展: 仅在 C++ 中支持“__is_nothrow_constructible”关键字，C 中不支持
C:\Program Files (x86)\Microsoft Visual Studio\2019\Community\VC\Tools\MSVC\14.28.29333\include\type_traits(838,57): error C4233: 使用了非标准扩展: 仅在 C++ 中支持“__is_nothrow_constructible”关键字，C 中不支持
C:\Program Files (x86)\Microsoft Visual Studio\2019\Community\VC\Tools\MSVC\14.28.29333\include\type_traits(843,65): error C4233: 使用了非标准扩展: 仅在 C++ 中支持“__is_nothrow_constructible”关键字，C 中不支持
C:\Program Files (x86)\Microsoft Visual Studio\2019\Community\VC\Tools\MSVC\14.28.29333\include\type_traits(847,54): error C4233: 使用了非标准扩展: 仅在 C++ 中支持“__is_nothrow_constructible”关键字，C 中不支持
C:\Program Files (x86)\Microsoft Visual Studio\2019\Community\VC\Tools\MSVC\14.28.29333\include\type_traits(852,62): error C4233: 使用了非标准扩展: 仅在 C++ 中支持“__is_nothrow_constructible”关键字，C 中不支持
C:\Program Files (x86)\Microsoft Visual Studio\2019\Community\VC\Tools\MSVC\14.28.29333\include\type_traits(856,46): error C4233: 使用了非标准扩展: 仅在 C++ 中支持“__is_nothrow_assignable”关键字，C 中不支持
C:\Program Files (x86)\Microsoft Visual Studio\2019\Community\VC\Tools\MSVC\14.28.29333\include\type_traits(861,54): error C4233: 使用了非标准扩展: 仅在 C++ 中支持“__is_nothrow_assignable”关键字，C 中不支持
C:\Program Files (x86)\Microsoft Visual Studio\2019\Community\VC\Tools\MSVC\14.28.29333\include\type_traits(866,21): error C4233: 使用了非标准扩展: 仅在 C++ 中支持“__is_nothrow_assignable”关键字，C 中不支持
C:\Program Files (x86)\Microsoft Visual Studio\2019\Community\VC\Tools\MSVC\14.28.29333\include\type_traits(871,59): error C4233: 使用了非标准扩展: 仅在 C++ 中支持“__is_nothrow_assignable”关键字，C 中不支持
C:\Program Files (x86)\Microsoft Visual Studio\2019\Community\VC\Tools\MSVC\14.28.29333\include\type_traits(876,51): error C4233: 使用了非标准扩展: 仅在 C++ 中支持“__is_nothrow_assignable”关键字，C 中不支持
C:\Program Files (x86)\Microsoft Visual Studio\2019\Community\VC\Tools\MSVC\14.28.29333\include\type_traits(881,59): error C4233: 使用了非标准扩展: 仅在 C++ 中支持“__is_nothrow_assignable”关键字，C 中不支持
C:\Program Files (x86)\Microsoft Visual Studio\2019\Community\VC\Tools\MSVC\14.28.29333\include\type_traits(885,48): error C4233: 使用了非标准扩展: 仅在 C++ 中支持“__is_nothrow_destructible”关键字，C 中不支持
C:\Program Files (x86)\Microsoft Visual Studio\2019\Community\VC\Tools\MSVC\14.28.29333\include\type_traits(891,56): error C4233: 使用了非标准扩展: 仅在 C++ 中支持“__is_nothrow_destructible”关键字，C 中不支持
C:\Program Files (x86)\Microsoft Visual Studio\2019\Community\VC\Tools\MSVC\14.28.29333\include\type_traits(1141,18): error C4233: 使用了非标准扩展: 仅在 C++ 中支持“__underlying_type”关键字，C 中不支持
C:\Program Files (x86)\Microsoft Visual Studio\2019\Community\VC\Tools\MSVC\14.28.29333\include\type_traits(1184,35): error C4233: 使用了非标准扩展: 仅在 C++ 中支持“__is_base_of”关键字，C 中不支持
C:\Program Files (x86)\Microsoft Visual Studio\2019\Community\VC\Tools\MSVC\14.28.29333\include\type_traits(1189,43): error C4233: 使用了非标准扩展: 仅在 C++ 中支持“__is_base_of”关键字，C 中不支持
C:\Program Files (x86)\Microsoft Visual Studio\2019\Community\VC\Tools\MSVC\14.28.29333\include\ppltasks.h(45,9): warning C4068: 未知的杂注“detect_mismatch”
C:\Program Files (x86)\Microsoft Visual Studio\2019\Community\VC\Tools\MSVC\14.28.29333\include\ppltasks.h(113,9): warning C4068: 未知的杂注“detect_mismatch”
C:\Program Files (x86)\Microsoft Visual Studio\2019\Community\VC\Tools\MSVC\14.28.29333\include\ostream(21,9): warning C4157: C 编译器忽略了 pragma
C:\Program Files (x86)\Microsoft Visual Studio\2019\Community\VC\Tools\MSVC\14.28.29333\include\ostream(589,9): warning C4157: C 编译器忽略了 pragma
C:\Program Files (x86)\Microsoft Visual Studio\2019\Community\VC\Tools\MSVC\14.28.29333\include\istream(21,9): warning C4157: C 编译器忽略了 pragma
C:\Program Files (x86)\Microsoft Visual Studio\2019\Community\VC\Tools\MSVC\14.28.29333\include\istream(667,9): warning C4157: C 编译器忽略了 pragma
C:\Users\windows7\Desktop\dll\src\ReflectiveDll.c(78,1): fatal error C1004: 发现意外的文件尾
  ReflectiveLoader.c
